<!DOCTYPE html PUBLIC "-//W3C//DTD XHTML 1.1//EN" "http://www.w3.org/TR/xhtml11/DTD/xhtml11.dtd">
<html xmlns="http://www.w3.org/1999/xhtml"><head><title>TestNG Report</title><style type="text/css">table {margin-bottom:10px;border-collapse:collapse;empty-cells:show}th,td {border:1px solid #009;padding:.25em .5em}th {vertical-align:bottom}td {vertical-align:top}table a {font-weight:bold}.stripe td {background-color: #E6EBF9}.num {text-align:right}.passedodd td {background-color: #3F3}.passedeven td {background-color: #0A0}.skippedodd td {background-color: #DDD}.skippedeven td {background-color: #CCC}.failedodd td,.attn {background-color: #F33}.failedeven td,.stripe .attn {background-color: #D00}.stacktrace {white-space:pre;font-family:monospace}.totop {font-size:85%;text-align:center;border-bottom:2px solid #000}</style></head><body><table><tr><th>Test</th><th># Passed</th><th># Skipped</th><th># Failed</th><th>Time (ms)</th><th>Included Groups</th><th>Excluded Groups</th></tr><tr><th colspan="7">reporting example New</th></tr><tr><th colspan="7">SuiteA</th></tr><tr><td><a href="#t0">test 1</a></td><td class="num">2</td><td class="num">0</td><td class="num">0</td><td class="num">104</td><td></td><td></td></tr><tr class="stripe"><td><a href="#t1">test 2</a></td><td class="num">0</td><td class="num">0</td><td class="num attn">1</td><td class="num">31</td><td></td><td></td></tr><tr><th colspan="7">SuiteB</th></tr><tr><td><a href="#t2">test 3</a></td><td class="num">0</td><td class="num attn">1</td><td class="num">0</td><td class="num">21</td><td></td><td></td></tr><tr class="stripe"><td><a href="#t3">test 4</a></td><td class="num">1</td><td class="num">0</td><td class="num">0</td><td class="num">27</td><td></td><td></td></tr><tr><th>Total</th><th class="num">3</th><th class="num attn">1</th><th class="num attn">1</th><th class="num">183</th><th colspan="2"></th></tr></table><table><thead><tr><th>Class</th><th>Method</th><th>Start</th><th>Time (ms)</th></tr></thead><tbody><tr><th colspan="4">reporting example New</th></tr></tbody><tbody><tr><th colspan="4">SuiteA</th></tr></tbody><tbody id="t0"><tr><th colspan="4">test 1 &#8212; passed</th></tr><tr class="passedeven"><td rowspan="2">suiteA.Test1</td><td><a href="#m0">test1</a></td><td rowspan="2">1469194338113</td><td rowspan="2">38</td></tr><tr class="passedeven"><td><a href="#m1">test1</a></td></tr></tbody><tbody id="t1"><tr><th colspan="4">test 2 &#8212; failed</th></tr><tr class="failedeven"><td rowspan="1">suiteA.Test2</td><td><a href="#m2">test2</a></td><td rowspan="1">1469194338259</td><td rowspan="1">5</td></tr></tbody><tbody><tr><th colspan="4">SuiteB</th></tr></tbody><tbody id="t2"><tr><th colspan="4">test 3 &#8212; skipped</th></tr><tr class="skippedeven"><td rowspan="1">suiteB.Test3</td><td><a href="#m3">test3</a></td><td rowspan="1">1469194339951</td><td rowspan="1">4</td></tr></tbody><tbody id="t3"><tr><th colspan="4">test 4 &#8212; passed</th></tr><tr class="passedeven"><td rowspan="1">suiteB.Test4</td><td><a href="#m4">test4</a></td><td rowspan="1">1469194340002</td><td rowspan="1">6</td></tr></tbody></table><h2>test 1</h2><h3 id="m0">suiteA.Test1#test1</h3><table class="result"><tr class="param"><th>Parameter #1</th><th>Parameter #2</th></tr><tr class="param stripe"><td>u1</td><td>p1</td></tr><tr><th colspan="2">Exception</th></tr><tr><td colspan="2"><div class="stacktrace">java.lang.AssertionError: expected [U4] but found [u1]
	at suiteA.Test1.test1(Test1.java:14)
... Removed 30 stack frames</div></td></tr></table><p class="totop"><a href="#summary">back to summary</a></p><h3 id="m1">suiteA.Test1#test1</h3><table class="result"><tr class="param"><th>Parameter #1</th><th>Parameter #2</th></tr><tr class="param stripe"><td>u2</td><td>p2</td></tr><tr><th colspan="2">Exception</th></tr><tr><td colspan="2"><div class="stacktrace">java.lang.AssertionError: expected [U4] but found [u2]
	at suiteA.Test1.test1(Test1.java:14)
... Removed 30 stack frames</div></td></tr></table><p class="totop"><a href="#summary">back to summary</a></p><h2>test 2</h2><h3 id="m2">suiteA.Test2#test2</h3><table class="result"><tr><th>Exception</th></tr><tr><td><div class="stacktrace">java.lang.Throwable: Multiple failures (4):nnFailure 1 of 4:njava.lang.AssertionError: expected [B] but found [A]
	at suiteA.Test2.test2(Test2.java:13)
nnFailure 2 of 4:njava.lang.AssertionError: expected [D] but found [A]
	at suiteA.Test2.test2(Test2.java:19)
nnFailure 3 of 4:njava.lang.AssertionError: expected [G] but found [A]
	at suiteA.Test2.test2(Test2.java:25)
nnFailure 4 of 4:njava.lang.AssertionError: expected [H] but found [A]
	at suiteA.Test2.test2(Test2.java:30)
... Removed 120 stack frames</div></td></tr></table><p class="totop"><a href="#summary">back to summary</a></p><h2>test 3</h2><h3 id="m3">suiteB.Test3#test3</h3><table class="result"><tr><th>Exception</th></tr><tr><td><div class="stacktrace">org.testng.SkipException: skipped cause runmode is N
	at suiteB.Test3.test3(Test3.java:10)
... Removed 25 stack frames</div></td></tr></table><p class="totop"><a href="#summary">back to summary</a></p><h2>test 4</h2><h3 id="m4">suiteB.Test4#test4</h3><table class="result"></table><p class="totop"><a href="#summary">back to summary</a></p></body></html>